0 info it worked if it ends with ok
1 verbose cli [ 'node', '/usr/local/bin/npm', 'install', 'nodester', '-g' ]
2 info using npm@1.1.66
3 info using node@v0.8.15
4 verbose read json /usr/local/lib/package.json
5 verbose read json /usr/local/lib/package.json
6 verbose cache add [ 'nodester', null ]
7 silly cache add name=undefined spec="nodester" args=["nodester",null]
8 verbose parsed url { pathname: 'nodester', path: 'nodester', href: 'nodester' }
9 silly lockFile 74f06463-nodester nodester
10 verbose lock nodester /Users/timothybone/.npm/74f06463-nodester.lock
11 silly lockFile 74f06463-nodester nodester
12 verbose addNamed [ 'nodester', '' ]
13 verbose addNamed [ null, '' ]
14 silly lockFile 7624a7b3-nodester nodester@
15 verbose lock nodester@ /Users/timothybone/.npm/7624a7b3-nodester.lock
16 silly addNameRange { name: 'nodester', range: '', hasData: false }
17 verbose url raw nodester
18 verbose url resolving [ 'https://registry.npmjs.org/', './nodester' ]
19 verbose url resolved https://registry.npmjs.org/nodester
20 info trying registry request attempt 1 at 19:36:24
21 http GET https://registry.npmjs.org/nodester
22 http 404 https://registry.npmjs.org/nodester
23 silly registry.get cb [ 404,
23 silly registry.get   { server: 'CouchDB/1.2.0 (Erlang OTP/R15B)',
23 silly registry.get     date: 'Tue, 25 Dec 2012 03:35:27 GMT',
23 silly registry.get     'content-type': 'application/json',
23 silly registry.get     'content-length': '52',
23 silly registry.get     'cache-control': 'must-revalidate' } ]
24 silly lockFile 7624a7b3-nodester nodester@
25 error 404 'nodester' is not in the npm registry.
25 error 404 You should bug the author to publish it
25 error 404
25 error 404 Note that you can also install from a
25 error 404 tarball, folder, or http url, or git url.
26 error System Darwin 12.2.1
27 error command "node" "/usr/local/bin/npm" "install" "nodester" "-g"
28 error cwd /Users/timothybone/sites/hobotracks
29 error node -v v0.8.15
30 error npm -v 1.1.66
31 error code E404
32 verbose exit [ 1, true ]
